[01Jan2025 17:00:32.825] [main/INFO] [cpw.mods.modlauncher.Launcher/MODLAUNCHER]: ModLauncher running: args [--launchTarget, forgeclientuserdev, --version, 21.1.65, --assetIndex, 17, --assetsDir, /home/gentijo/.mcreator/gradle/caches/neoformruntime/assets, --gameDir, ., --fml.neoForgeVersion, 21.1.65, --fml.fmlVersion, 4.0.24, --fml.mcVersion, 1.21.1, --fml.neoFormVersion, 20240808.144430]
[01Jan2025 17:00:32.829] [main/INFO] [cpw.mods.modlauncher.Launcher/MODLAUNCHER]: JVM identified as Eclipse Adoptium OpenJDK 64-Bit Server VM 21.0.4+7-LTS
[01Jan2025 17:00:32.831] [main/INFO] [cpw.mods.modlauncher.Launcher/MODLAUNCHER]: ModLauncher 11.0.4+main.d2e20e43 starting: java version 21.0.4 by Eclipse Adoptium; OS Linux arch amd64 version 6.8.0-51-generic
[01Jan2025 17:00:33.050] [main/INFO] [net.neoforged.fml.loading.ImmediateWindowHandler/]: Loading ImmediateWindowProvider fmlearlywindow
[01Jan2025 17:00:33.189] [main/INFO] [EARLYDISPLAY/]: Trying GL version 4.6
[01Jan2025 17:00:33.269] [main/INFO] [EARLYDISPLAY/]: Requested GL version 4.6 got version 4.6
[01Jan2025 17:00:33.522] [main/INFO] [mixin/]: SpongePowered MIXIN Subsystem Version=0.8.7 Source=union:/home/gentijo/.mcreator/gradle/caches/modules-2/files-2.1/net.fabricmc/sponge-mixin/0.15.2+mixin.0.8.7/2af2f021d8e02a0220dc27a7a72b4666d66d44ca/sponge-mixin-0.15.2+mixin.0.8.7.jar%23119!/ Service=ModLauncher Env=CLIENT
[01Jan2025 17:00:33.924] [pool-2-thread-1/INFO] [EARLYDISPLAY/]: GL info: Mesa Intel(R) UHD Graphics (ADL-S GT1) GL version 4.6 (Core Profile) Mesa 24.0.9-0ubuntu0.3, Intel
[01Jan2025 17:00:34.292] [main/INFO] [net.neoforged.fml.loading.moddiscovery.locators.JarInJarDependencyLocator/]: Found 2 dependencies adding them to mods collection
[01Jan2025 17:00:35.641] [main/INFO] [cpw.mods.modlauncher.LaunchServiceHandler/MODLAUNCHER]: Launching target 'forgeclientuserdev' with arguments [--version, 21.1.65, --gameDir, ., --assetsDir, /home/gentijo/.mcreator/gradle/caches/neoformruntime/assets, --assetIndex, 17]
[01Jan2025 17:00:39.557] [Datafixer Bootstrap/INFO] [com.mojang.datafixers.DataFixerBuilder/]: 229 Datafixer optimizations took 946 milliseconds
[01Jan2025 17:00:40.459] [pool-7-thread-1/INFO] [MixinExtras|Service/]: Initializing MixinExtras via com.llamalad7.mixinextras.service.MixinExtrasServiceImpl(version=0.4.1).
[01Jan2025 17:00:47.727] [main/WARN] [net.minecraft.commands.Commands/]: Ambiguity between arguments [teleport, location] and [teleport, destination] with inputs: [0.1 -0.5 .9, 0 0 0]
[01Jan2025 17:00:47.730] [main/WARN] [net.minecraft.commands.Commands/]: Ambiguity between arguments [teleport, location] and [teleport, targets] with inputs: [0.1 -0.5 .9, 0 0 0]
[01Jan2025 17:00:47.733] [main/WARN] [net.minecraft.commands.Commands/]: Ambiguity between arguments [teleport, destination] and [teleport, targets] with inputs: [Player, 0123, @e, dd12be42-52a9-4a91-a8a1-11c01849e498]
[01Jan2025 17:00:47.735] [main/WARN] [net.minecraft.commands.Commands/]: Ambiguity between arguments [teleport, targets] and [teleport, destination] with inputs: [Player, 0123, dd12be42-52a9-4a91-a8a1-11c01849e498]
[01Jan2025 17:00:47.736] [main/WARN] [net.minecraft.commands.Commands/]: Ambiguity between arguments [teleport, targets, location] and [teleport, targets, destination] with inputs: [0.1 -0.5 .9, 0 0 0]
[01Jan2025 17:00:47.950] [Render thread/WARN] [net.minecraft.server.packs.VanillaPackResourcesBuilder/]: Assets URL 'union:/home/gentijo/Projects/Minecraft/AwesomeMinecraftMods/build/moddev/artifacts/neoforge-21.1.65-minecraft.jar%23171!/assets/.mcassetsroot' uses unexpected schema
[01Jan2025 17:00:47.950] [Render thread/WARN] [net.minecraft.server.packs.VanillaPackResourcesBuilder/]: Assets URL 'union:/home/gentijo/Projects/Minecraft/AwesomeMinecraftMods/build/moddev/artifacts/neoforge-21.1.65-minecraft.jar%23171!/data/.mcassetsroot' uses unexpected schema
[01Jan2025 17:00:47.992] [Render thread/INFO] [com.mojang.authlib.yggdrasil.YggdrasilAuthenticationService/]: Environment: Environment[sessionHost=https://sessionserver.mojang.com, servicesHost=https://api.minecraftservices.com, name=PROD]
[01Jan2025 17:00:48.021] [Render thread/INFO] [net.minecraft.client.Minecraft/]: Setting user: Dev
[01Jan2025 17:00:48.212] [Render thread/INFO] [net.minecraft.client.Minecraft/]: Backend library: LWJGL version 3.3.3+5
[01Jan2025 17:00:49.212] [modloading-worker-0/INFO] [net.neoforged.neoforge.common.NeoForgeMod/NEOFORGE-MOD]: NeoForge mod loading, version 21.1.65, for MC 1.21.1
[01Jan2025 17:00:50.244] [Render thread/INFO] [net.neoforged.neoforge.gametest.GameTestHooks/]: Enabled Gametest Namespaces: []
[01Jan2025 17:00:50.669] [Render thread/INFO] [net.minecraft.server.packs.resources.ReloadableResourceManager/]: Reloading ResourceManager: vanilla, mod_resources, mod/neoforge, mod/fusion_table
[01Jan2025 17:00:50.867] [Worker-Main-13/INFO] [net.minecraft.client.gui.font.providers.UnihexProvider/]: Found unifont_all_no_pua-15.1.05.hex, loading
[01Jan2025 17:00:50.884] [Worker-Main-7/INFO] [net.minecraft.client.gui.font.providers.UnihexProvider/]: Found unifont_jp_patch-15.1.05.hex, loading
[01Jan2025 17:00:54.011] [Worker-Main-15/WARN] [net.minecraft.client.resources.model.ModelManager/]: Missing textures in model fusion_table:sword_of_lightning#inventory:
    minecraft:textures/atlas/blocks.png:fusion_table:item/kj
[01Jan2025 17:00:54.012] [Worker-Main-15/WARN] [net.minecraft.client.resources.model.ModelManager/]: Missing textures in model fusion_table:bottle_of_lightning#inventory:
    minecraft:textures/atlas/blocks.png:fusion_table:item/jym
[01Jan2025 17:00:54.012] [Worker-Main-15/WARN] [net.minecraft.client.resources.model.ModelManager/]: Missing textures in model fusion_table:gunmaker#inventory:
    minecraft:textures/atlas/blocks.png:fusion_table:item/hn
[01Jan2025 17:00:54.012] [Worker-Main-15/WARN] [net.minecraft.client.resources.model.ModelManager/]: Missing textures in model fusion_table:lavasword#inventory:
    minecraft:textures/atlas/blocks.png:fusion_table:item/cx
[01Jan2025 17:00:54.013] [Worker-Main-15/WARN] [net.minecraft.client.resources.model.ModelManager/]: Missing textures in model fusion_table:infinite_water_bucket#inventory:
    minecraft:textures/atlas/blocks.png:fusion_table:item/sw
[01Jan2025 17:00:54.013] [Worker-Main-15/WARN] [net.minecraft.client.resources.model.ModelManager/]: Missing textures in model fusion_table:red_iron#inventory:
    minecraft:textures/atlas/blocks.png:fusion_table:block/y
[01Jan2025 17:00:54.013] [Worker-Main-15/WARN] [net.minecraft.client.resources.model.ModelManager/]: Missing textures in model fusion_table:lol#inventory:
    minecraft:textures/atlas/blocks.png:fusion_table:item/uh
[01Jan2025 17:00:54.013] [Worker-Main-15/WARN] [net.minecraft.client.resources.model.ModelManager/]: Missing textures in model fusion_table:hg#inventory:
    minecraft:textures/atlas/blocks.png:fusion_table:item/uh
[01Jan2025 17:00:54.013] [Worker-Main-15/WARN] [net.minecraft.client.resources.model.ModelManager/]: Missing textures in model fusion_table:lava_sword_2#inventory:
    minecraft:textures/atlas/blocks.png:fusion_table:item/cx
[01Jan2025 17:00:54.013] [Worker-Main-15/WARN] [net.minecraft.client.resources.model.ModelManager/]: Missing textures in model fusion_table:red_iron#:
    minecraft:textures/atlas/blocks.png:fusion_table:block/y
[01Jan2025 17:00:54.391] [Render thread/WARN] [net.minecraft.client.sounds.SoundEngine/]: Missing sound for event: minecraft:item.goat_horn.play
[01Jan2025 17:00:54.392] [Render thread/WARN] [net.minecraft.client.sounds.SoundEngine/]: Missing sound for event: minecraft:entity.goat.screaming.horn_break
[01Jan2025 17:00:54.585] [Render thread/INFO] [com.mojang.blaze3d.audio.Library/]: OpenAL initialized on device Alder Lake-S HD Audio Controller Speaker + Headphones
[01Jan2025 17:00:54.587] [Render thread/INFO] [net.minecraft.client.sounds.SoundEngine/SOUNDS]: Sound engine started
[01Jan2025 17:00:54.882] [Render thread/INFO] [net.minecraft.client.renderer.texture.TextureAtlas/]: Created: 1024x512x2 minecraft:textures/atlas/blocks.png-atlas
[01Jan2025 17:00:54.970] [Render thread/INFO] [net.minecraft.client.renderer.texture.TextureAtlas/]: Created: 256x256x2 minecraft:textures/atlas/signs.png-atlas
[01Jan2025 17:00:54.973] [Render thread/INFO] [net.minecraft.client.renderer.texture.TextureAtlas/]: Created: 512x512x2 minecraft:textures/atlas/banner_patterns.png-atlas
[01Jan2025 17:00:54.979] [Render thread/INFO] [net.minecraft.client.renderer.texture.TextureAtlas/]: Created: 512x512x2 minecraft:textures/atlas/shield_patterns.png-atlas
[01Jan2025 17:00:54.986] [Render thread/INFO] [net.minecraft.client.renderer.texture.TextureAtlas/]: Created: 1024x1024x2 minecraft:textures/atlas/armor_trims.png-atlas
[01Jan2025 17:00:55.025] [Render thread/INFO] [net.minecraft.client.renderer.texture.TextureAtlas/]: Created: 256x256x2 minecraft:textures/atlas/chest.png-atlas
[01Jan2025 17:00:55.026] [Render thread/INFO] [net.minecraft.client.renderer.texture.TextureAtlas/]: Created: 128x64x2 minecraft:textures/atlas/decorated_pot.png-atlas
[01Jan2025 17:00:55.027] [Render thread/INFO] [net.minecraft.client.renderer.texture.TextureAtlas/]: Created: 512x256x2 minecraft:textures/atlas/shulker_boxes.png-atlas
[01Jan2025 17:00:55.028] [Render thread/INFO] [net.minecraft.client.renderer.texture.TextureAtlas/]: Created: 512x256x2 minecraft:textures/atlas/beds.png-atlas
[01Jan2025 17:00:55.204] [Render thread/INFO] [net.minecraft.client.renderer.texture.TextureAtlas/]: Created: 512x256x0 minecraft:textures/atlas/particles.png-atlas
[01Jan2025 17:00:55.211] [Render thread/INFO] [net.minecraft.client.renderer.texture.TextureAtlas/]: Created: 512x256x0 minecraft:textures/atlas/paintings.png-atlas
[01Jan2025 17:00:55.213] [Render thread/INFO] [net.minecraft.client.renderer.texture.TextureAtlas/]: Created: 256x128x0 minecraft:textures/atlas/mob_effects.png-atlas
[01Jan2025 17:00:55.214] [Render thread/INFO] [net.minecraft.client.renderer.texture.TextureAtlas/]: Created: 64x64x0 minecraft:textures/atlas/map_decorations.png-atlas
[01Jan2025 17:00:55.215] [Render thread/INFO] [net.minecraft.client.renderer.texture.TextureAtlas/]: Created: 1024x512x0 minecraft:textures/atlas/gui.png-atlas
[01Jan2025 17:00:55.305] [Render thread/WARN] [net.minecraft.client.renderer.ShaderInstance/]: Shader rendertype_entity_translucent_emissive could not find sampler named Sampler2 in the specified shader program.
[01Jan2025 17:00:55.475] [Render thread/INFO] [net.neoforged.neoforge.client.entity.animation.json.AnimationLoader/]: Loaded 0 entity animations
[01Jan2025 17:01:01.150] [Render thread/INFO] [net.minecraft.client.Minecraft/]: Stopping!
